This file contains any messages produced by compilers while
running configure, to aid debugging if configure makes a mistake.

It was created by smartmontools configure 6.5, which was
generated by GNU Autoconf 2.69.  Invocation command line was

  $ ./configure 

## --------- ##
## Platform. ##
## --------- ##

hostname = ogh-fdb
uname -m = x86_64
uname -r = 4.15.0-32-generic
uname -s = Linux
uname -v = #35-Ubuntu SMP Fri Aug 10 17:58:07 UTC 2018

/usr/bin/uname -p = unknown
/bin/uname -X     = unknown

/bin/arch              = unknown
/usr/bin/arch -k       = unknown
/usr/convex/getsysinfo = unknown
/usr/bin/hostinfo      = unknown
/bin/machine           = unknown
/usr/bin/oslevel       = unknown
/bin/universe          = unknown

PATH: /home/ogh/bin
PATH: /home/ogh/work/git/mysql-server/build-install/installs/bin
PATH: /usr/local/spark/bin
PATH: /usr/local/hadoop/sbin
PATH: /usr/local/hadoop/bin
PATH: /home/ogh/gcloud/google-cloud-sdk/bin
PATH: /usr/local/sbin
PATH: /usr/local/bin
PATH: /usr/sbin
PATH: /usr/bin
PATH: /sbin
PATH: /bin
PATH: /usr/games
PATH: /usr/local/games
PATH: /snap/bin
PATH: /usr/lib/jvm/java-8-oracle/bin
PATH: /usr/lib/jvm/java-8-oracle/db/bin
PATH: /usr/lib/jvm/java-8-oracle/jre/bin
PATH: /home/ogh/work/multistream/multi_stream/tools/nvme-user
PATH: /home/ogh/.node_modules/bin
PATH: /home/ogh/.local/bin
PATH: /home/ogh/bin
PATH: /usr/local/spark/sbin
PATH: /home/ogh/utils
PATH: /usr/local/sysstat/bin
PATH: /home/ogh/tsr2/cluster_1/tsr2-assembly-1.0.0-SNAPSHOT/sbin/
PATH: /home/ogh/tsr2/cluster_1/tsr2-assembly-1.0.0-SNAPSHOT/bin


## ----------- ##
## Core tests. ##
## ----------- ##

configure:2469: checking for a BSD-compatible install
configure:2537: result: /usr/local/bin/install -c
configure:2548: checking whether build environment is sane
configure:2603: result: yes
configure:2754: checking for a thread-safe mkdir -p
configure:2793: result: /usr/local/bin/mkdir -p
configure:2800: checking for gawk
configure:2816: found /usr/bin/gawk
configure:2827: result: gawk
configure:2838: checking whether make sets $(MAKE)
configure:2860: result: yes
configure:2889: checking whether make supports nested variables
configure:2906: result: yes
configure:3068: checking whether to enable maintainer-specific portions of Makefiles
configure:3077: result: no
configure:3155: checking for g++
configure:3171: found /usr/bin/g++
configure:3182: result: g++
configure:3209: checking for C++ compiler version
configure:3218: g++ --version >&5
g++ (Ubuntu 7.3.0-27ubuntu1~18.04) 7.3.0
Copyright (C) 2017 Free Software Foundation, Inc.
This is free software; see the source for copying conditions.  There is NO
warranty; not even for MERCHANTABILITY or FITNESS FOR A PARTICULAR PURPOSE.

configure:3229: $? = 0
configure:3218: g++ -v >&5
Using built-in specs.
COLLECT_GCC=g++
COLLECT_LTO_WRAPPER=/usr/lib/gcc/x86_64-linux-gnu/7/lto-wrapper
OFFLOAD_TARGET_NAMES=nvptx-none
OFFLOAD_TARGET_DEFAULT=1
Target: x86_64-linux-gnu
Configured with: ../src/configure -v --with-pkgversion='Ubuntu 7.3.0-27ubuntu1~18.04' --with-bugurl=file:///usr/share/doc/gcc-7/README.Bugs --enable-languages=c,ada,c++,go,brig,d,fortran,objc,obj-c++ --prefix=/usr --with-gcc-major-version-only --program-suffix=-7 --program-prefix=x86_64-linux-gnu- --enable-shared --enable-linker-build-id --libexecdir=/usr/lib --without-included-gettext --enable-threads=posix --libdir=/usr/lib --enable-nls --with-sysroot=/ --enable-clocale=gnu --enable-libstdcxx-debug --enable-libstdcxx-time=yes --with-default-libstdcxx-abi=new --enable-gnu-unique-object --disable-vtable-verify --enable-libmpx --enable-plugin --enable-default-pie --with-system-zlib --with-target-system-zlib --enable-objc-gc=auto --enable-multiarch --disable-werror --with-arch-32=i686 --with-abi=m64 --with-multilib-list=m32,m64,mx32 --enable-multilib --with-tune=generic --enable-offload-targets=nvptx-none --without-cuda-driver --enable-checking=release --build=x86_64-linux-gnu --host=x86_64-linux-gnu --target=x86_64-linux-gnu
Thread model: posix
gcc version 7.3.0 (Ubuntu 7.3.0-27ubuntu1~18.04) 
configure:3229: $? = 0
configure:3218: g++ -V >&5
g++: error: unrecognized command line option '-V'
g++: fatal error: no input files
compilation terminated.
configure:3229: $? = 1
configure:3218: g++ -qversion >&5
g++: error: unrecognized command line option '-qversion'; did you mean '--version'?
g++: fatal error: no input files
compilation terminated.
configure:3229: $? = 1
configure:3249: checking whether the C++ compiler works
configure:3271: g++    conftest.cpp  >&5
configure:3275: $? = 0
configure:3323: result: yes
configure:3326: checking for C++ compiler default output file name
configure:3328: result: a.out
configure:3334: checking for suffix of executables
configure:3341: g++ -o conftest    conftest.cpp  >&5
configure:3345: $? = 0
configure:3367: result: 
configure:3389: checking whether we are cross compiling
configure:3397: g++ -o conftest    conftest.cpp  >&5
configure:3401: $? = 0
configure:3408: ./conftest
configure:3412: $? = 0
configure:3427: result: no
configure:3432: checking for suffix of object files
configure:3454: g++ -c   conftest.cpp >&5
configure:3458: $? = 0
configure:3479: result: o
configure:3483: checking whether we are using the GNU C++ compiler
configure:3502: g++ -c   conftest.cpp >&5
configure:3502: $? = 0
configure:3511: result: yes
configure:3520: checking whether g++ accepts -g
configure:3540: g++ -c -g  conftest.cpp >&5
configure:3540: $? = 0
configure:3581: result: yes
configure:3615: checking for style of include used by make
configure:3643: result: GNU
configure:3669: checking dependency style of g++
configure:3780: result: gcc3
configure:3843: checking for gcc
configure:3859: found /usr/bin/gcc
configure:3870: result: gcc
configure:4099: checking for C compiler version
configure:4108: gcc --version >&5
gcc (Ubuntu 7.3.0-27ubuntu1~18.04) 7.3.0
Copyright (C) 2017 Free Software Foundation, Inc.
This is free software; see the source for copying conditions.  There is NO
warranty; not even for MERCHANTABILITY or FITNESS FOR A PARTICULAR PURPOSE.

configure:4119: $? = 0
configure:4108: gcc -v >&5
Using built-in specs.
COLLECT_GCC=gcc
COLLECT_LTO_WRAPPER=/usr/lib/gcc/x86_64-linux-gnu/7/lto-wrapper
OFFLOAD_TARGET_NAMES=nvptx-none
OFFLOAD_TARGET_DEFAULT=1
Target: x86_64-linux-gnu
Configured with: ../src/configure -v --with-pkgversion='Ubuntu 7.3.0-27ubuntu1~18.04' --with-bugurl=file:///usr/share/doc/gcc-7/README.Bugs --enable-languages=c,ada,c++,go,brig,d,fortran,objc,obj-c++ --prefix=/usr --with-gcc-major-version-only --program-suffix=-7 --program-prefix=x86_64-linux-gnu- --enable-shared --enable-linker-build-id --libexecdir=/usr/lib --without-included-gettext --enable-threads=posix --libdir=/usr/lib --enable-nls --with-sysroot=/ --enable-clocale=gnu --enable-libstdcxx-debug --enable-libstdcxx-time=yes --with-default-libstdcxx-abi=new --enable-gnu-unique-object --disable-vtable-verify --enable-libmpx --enable-plugin --enable-default-pie --with-system-zlib --with-target-system-zlib --enable-objc-gc=auto --enable-multiarch --disable-werror --with-arch-32=i686 --with-abi=m64 --with-multilib-list=m32,m64,mx32 --enable-multilib --with-tune=generic --enable-offload-targets=nvptx-none --without-cuda-driver --enable-checking=release --build=x86_64-linux-gnu --host=x86_64-linux-gnu --target=x86_64-linux-gnu
Thread model: posix
gcc version 7.3.0 (Ubuntu 7.3.0-27ubuntu1~18.04) 
configure:4119: $? = 0
configure:4108: gcc -V >&5
gcc: error: unrecognized command line option '-V'
gcc: fatal error: no input files
compilation terminated.
configure:4119: $? = 1
configure:4108: gcc -qversion >&5
gcc: error: unrecognized command line option '-qversion'; did you mean '--version'?
gcc: fatal error: no input files
compilation terminated.
configure:4119: $? = 1
configure:4123: checking whether we are using the GNU C compiler
configure:4142: gcc -c   conftest.c >&5
configure:4142: $? = 0
configure:4151: result: yes
configure:4160: checking whether gcc accepts -g
configure:4180: gcc -c -g  conftest.c >&5
configure:4180: $? = 0
configure:4221: result: yes
configure:4238: checking for gcc option to accept ISO C89
configure:4301: gcc  -c -g -O2  conftest.c >&5
configure:4301: $? = 0
configure:4314: result: none needed
configure:4339: checking whether gcc understands -c and -o together
configure:4361: gcc -c conftest.c -o conftest2.o
configure:4364: $? = 0
configure:4361: gcc -c conftest.c -o conftest2.o
configure:4364: $? = 0
configure:4376: result: yes
configure:4395: checking dependency style of gcc
configure:4506: result: gcc3
configure:4530: checking dependency style of gcc
configure:4639: result: gcc3
configure:4712: checking for pkg-config
configure:4730: found /usr/bin/pkg-config
configure:4742: result: /usr/bin/pkg-config
configure:4767: checking pkg-config is at least version 0.9.0
configure:4770: result: yes
configure:4788: checking build system type
configure:4802: result: x86_64-unknown-linux-gnu
configure:4822: checking host system type
configure:4835: result: x86_64-unknown-linux-gnu
configure:5057: checking whether this is a build from SVN
configure:5083: result: no
configure:5096: checking how to run the C++ preprocessor
configure:5123: g++ -E  conftest.cpp
configure:5123: $? = 0
configure:5137: g++ -E  conftest.cpp
conftest.cpp:16:10: fatal error: ac_nonexistent.h: No such file or directory
 #include <ac_nonexistent.h>
          ^~~~~~~~~~~~~~~~~~
compilation terminated.
configure:5137: $? = 1
configure: failed program was:
| /* confdefs.h */
| #define PACKAGE_NAME "smartmontools"
| #define PACKAGE_TARNAME "smartmontools"
| #define PACKAGE_VERSION "6.5"
| #define PACKAGE_STRING "smartmontools 6.5"
| #define PACKAGE_BUGREPORT "smartmontools-support@lists.sourceforge.net"
| #define PACKAGE_URL ""
| #define PACKAGE "smartmontools"
| #define VERSION "6.5"
| #define SMARTMONTOOLS_CONFIGURE_ARGS ""
| #define SMARTMONTOOLS_RELEASE_DATE "2016-05-07"
| #define SMARTMONTOOLS_RELEASE_TIME "11:17:46 UTC"
| #define CONFIG_H_CVSID "$Id: configure.ac 4318 2016-05-07 11:18:20Z chrfranke $"
| #define PACKAGE_HOMEPAGE "http://www.smartmontools.org/"
| /* end confdefs.h.  */
| #include <ac_nonexistent.h>
configure:5162: result: g++ -E
configure:5182: g++ -E  conftest.cpp
configure:5182: $? = 0
configure:5196: g++ -E  conftest.cpp
conftest.cpp:16:10: fatal error: ac_nonexistent.h: No such file or directory
 #include <ac_nonexistent.h>
          ^~~~~~~~~~~~~~~~~~
compilation terminated.
configure:5196: $? = 1
configure: failed program was:
| /* confdefs.h */
| #define PACKAGE_NAME "smartmontools"
| #define PACKAGE_TARNAME "smartmontools"
| #define PACKAGE_VERSION "6.5"
| #define PACKAGE_STRING "smartmontools 6.5"
| #define PACKAGE_BUGREPORT "smartmontools-support@lists.sourceforge.net"
| #define PACKAGE_URL ""
| #define PACKAGE "smartmontools"
| #define VERSION "6.5"
| #define SMARTMONTOOLS_CONFIGURE_ARGS ""
| #define SMARTMONTOOLS_RELEASE_DATE "2016-05-07"
| #define SMARTMONTOOLS_RELEASE_TIME "11:17:46 UTC"
| #define CONFIG_H_CVSID "$Id: configure.ac 4318 2016-05-07 11:18:20Z chrfranke $"
| #define PACKAGE_HOMEPAGE "http://www.smartmontools.org/"
| /* end confdefs.h.  */
| #include <ac_nonexistent.h>
configure:5225: checking for grep that handles long lines and -e
configure:5283: result: /bin/grep
configure:5288: checking for egrep
configure:5350: result: /bin/grep -E
configure:5355: checking for ANSI C header files
configure:5375: g++ -c -g -O2  conftest.cpp >&5
configure:5375: $? = 0
configure:5448: g++ -o conftest -g -O2   conftest.cpp  >&5
configure:5448: $? = 0
configure:5448: ./conftest
configure:5448: $? = 0
configure:5459: result: yes
configure:5472: checking for sys/types.h
configure:5472: g++ -c -g -O2  conftest.cpp >&5
configure:5472: $? = 0
configure:5472: result: yes
configure:5472: checking for sys/stat.h
configure:5472: g++ -c -g -O2  conftest.cpp >&5
configure:5472: $? = 0
configure:5472: result: yes
configure:5472: checking for stdlib.h
configure:5472: g++ -c -g -O2  conftest.cpp >&5
configure:5472: $? = 0
configure:5472: result: yes
configure:5472: checking for string.h
configure:5472: g++ -c -g -O2  conftest.cpp >&5
configure:5472: $? = 0
configure:5472: result: yes
configure:5472: checking for memory.h
configure:5472: g++ -c -g -O2  conftest.cpp >&5
configure:5472: $? = 0
configure:5472: result: yes
configure:5472: checking for strings.h
configure:5472: g++ -c -g -O2  conftest.cpp >&5
configure:5472: $? = 0
configure:5472: result: yes
configure:5472: checking for inttypes.h
configure:5472: g++ -c -g -O2  conftest.cpp >&5
configure:5472: $? = 0
configure:5472: result: yes
configure:5472: checking for stdint.h
configure:5472: g++ -c -g -O2  conftest.cpp >&5
configure:5472: $? = 0
configure:5472: result: yes
configure:5472: checking for unistd.h
configure:5472: g++ -c -g -O2  conftest.cpp >&5
configure:5472: $? = 0
configure:5472: result: yes
configure:5486: checking locale.h usability
configure:5486: g++ -c -g -O2  conftest.cpp >&5
configure:5486: $? = 0
configure:5486: result: yes
configure:5486: checking locale.h presence
configure:5486: g++ -E  conftest.cpp
configure:5486: $? = 0
configure:5486: result: yes
configure:5486: checking for locale.h
configure:5486: result: yes
configure:5498: checking dev/ata/atavar.h usability
configure:5498: g++ -c -g -O2  conftest.cpp >&5
conftest.cpp:60:10: fatal error: dev/ata/atavar.h: No such file or directory
 #include <dev/ata/atavar.h>
          ^~~~~~~~~~~~~~~~~~
compilation terminated.
configure:5498: $? = 1
configure: failed program was:
| /* confdefs.h */
| #define PACKAGE_NAME "smartmontools"
| #define PACKAGE_TARNAME "smartmontools"
| #define PACKAGE_VERSION "6.5"
| #define PACKAGE_STRING "smartmontools 6.5"
| #define PACKAGE_BUGREPORT "smartmontools-support@lists.sourceforge.net"
| #define PACKAGE_URL ""
| #define PACKAGE "smartmontools"
| #define VERSION "6.5"
| #define SMARTMONTOOLS_CONFIGURE_ARGS ""
| #define SMARTMONTOOLS_RELEASE_DATE "2016-05-07"
| #define SMARTMONTOOLS_RELEASE_TIME "11:17:46 UTC"
| #define CONFIG_H_CVSID "$Id: configure.ac 4318 2016-05-07 11:18:20Z chrfranke $"
| #define PACKAGE_HOMEPAGE "http://www.smartmontools.org/"
| #define STDC_HEADERS 1
| #define HAVE_SYS_TYPES_H 1
| #define HAVE_SYS_STAT_H 1
| #define HAVE_STDLIB_H 1
| #define HAVE_STRING_H 1
| #define HAVE_MEMORY_H 1
| #define HAVE_STRINGS_H 1
| #define HAVE_INTTYPES_H 1
| #define HAVE_STDINT_H 1
| #define HAVE_UNISTD_H 1
| #define HAVE_LOCALE_H 1
| /* end confdefs.h.  */
| #include <stdio.h>
| #ifdef HAVE_SYS_TYPES_H
| # include <sys/types.h>
| #endif
| #ifdef HAVE_SYS_STAT_H
| # include <sys/stat.h>
| #endif
| #ifdef STDC_HEADERS
| # include <stdlib.h>
| # include <stddef.h>
| #else
| # ifdef HAVE_STDLIB_H
| #  include <stdlib.h>
| # endif
| #endif
| #ifdef HAVE_STRING_H
| # if !defined STDC_HEADERS && defined HAVE_MEMORY_H
| #  include <memory.h>
| # endif
| # include <string.h>
| #endif
| #ifdef HAVE_STRINGS_H
| # include <strings.h>
| #endif
| #ifdef HAVE_INTTYPES_H
| # include <inttypes.h>
| #endif
| #ifdef HAVE_STDINT_H
| # include <stdint.h>
| #endif
| #ifdef HAVE_UNISTD_H
| # include <unistd.h>
| #endif
| #include <dev/ata/atavar.h>
configure:5498: result: no
configure:5498: checking dev/ata/atavar.h presence
configure:5498: g++ -E  conftest.cpp
conftest.cpp:27:10: fatal error: dev/ata/atavar.h: No such file or directory
 #include <dev/ata/atavar.h>
          ^~~~~~~~~~~~~~~~~~
compilation terminated.
configure:5498: $? = 1
configure: failed program was:
| /* confdefs.h */
| #define PACKAGE_NAME "smartmontools"
| #define PACKAGE_TARNAME "smartmontools"
| #define PACKAGE_VERSION "6.5"
| #define PACKAGE_STRING "smartmontools 6.5"
| #define PACKAGE_BUGREPORT "smartmontools-support@lists.sourceforge.net"
| #define PACKAGE_URL ""
| #define PACKAGE "smartmontools"
| #define VERSION "6.5"
| #define SMARTMONTOOLS_CONFIGURE_ARGS ""
| #define SMARTMONTOOLS_RELEASE_DATE "2016-05-07"
| #define SMARTMONTOOLS_RELEASE_TIME "11:17:46 UTC"
| #define CONFIG_H_CVSID "$Id: configure.ac 4318 2016-05-07 11:18:20Z chrfranke $"
| #define PACKAGE_HOMEPAGE "http://www.smartmontools.org/"
| #define STDC_HEADERS 1
| #define HAVE_SYS_TYPES_H 1
| #define HAVE_SYS_STAT_H 1
| #define HAVE_STDLIB_H 1
| #define HAVE_STRING_H 1
| #define HAVE_MEMORY_H 1
| #define HAVE_STRINGS_H 1
| #define HAVE_INTTYPES_H 1
| #define HAVE_STDINT_H 1
| #define HAVE_UNISTD_H 1
| #define HAVE_LOCALE_H 1
| /* end confdefs.h.  */
| #include <dev/ata/atavar.h>
configure:5498: result: no
configure:5498: checking for dev/ata/atavar.h
configure:5498: result: no
configure:5510: checking for inttypes.h
configure:5510: result: yes
configure:5521: checking for stdint.h
configure:5521: result: yes
configure:5532: checking sys/inttypes.h usability
configure:5532: g++ -c -g -O2  conftest.cpp >&5
conftest.cpp:62:10: fatal error: sys/inttypes.h: No such file or directory
 #include <sys/inttypes.h>
          ^~~~~~~~~~~~~~~~
compilation terminated.
configure:5532: $? = 1
configure: failed program was:
| /* confdefs.h */
| #define PACKAGE_NAME "smartmontools"
| #define PACKAGE_TARNAME "smartmontools"
| #define PACKAGE_VERSION "6.5"
| #define PACKAGE_STRING "smartmontools 6.5"
| #define PACKAGE_BUGREPORT "smartmontools-support@lists.sourceforge.net"
| #define PACKAGE_URL ""
| #define PACKAGE "smartmontools"
| #define VERSION "6.5"
| #define SMARTMONTOOLS_CONFIGURE_ARGS ""
| #define SMARTMONTOOLS_RELEASE_DATE "2016-05-07"
| #define SMARTMONTOOLS_RELEASE_TIME "11:17:46 UTC"
| #define CONFIG_H_CVSID "$Id: configure.ac 4318 2016-05-07 11:18:20Z chrfranke $"
| #define PACKAGE_HOMEPAGE "http://www.smartmontools.org/"
| #define STDC_HEADERS 1
| #define HAVE_SYS_TYPES_H 1
| #define HAVE_SYS_STAT_H 1
| #define HAVE_STDLIB_H 1
| #define HAVE_STRING_H 1
| #define HAVE_MEMORY_H 1
| #define HAVE_STRINGS_H 1
| #define HAVE_INTTYPES_H 1
| #define HAVE_STDINT_H 1
| #define HAVE_UNISTD_H 1
| #define HAVE_LOCALE_H 1
| #define HAVE_INTTYPES_H 1
| #define HAVE_STDINT_H 1
| /* end confdefs.h.  */
| #include <stdio.h>
| #ifdef HAVE_SYS_TYPES_H
| # include <sys/types.h>
| #endif
| #ifdef HAVE_SYS_STAT_H
| # include <sys/stat.h>
| #endif
| #ifdef STDC_HEADERS
| # include <stdlib.h>
| # include <stddef.h>
| #else
| # ifdef HAVE_STDLIB_H
| #  include <stdlib.h>
| # endif
| #endif
| #ifdef HAVE_STRING_H
| # if !defined STDC_HEADERS && defined HAVE_MEMORY_H
| #  include <memory.h>
| # endif
| # include <string.h>
| #endif
| #ifdef HAVE_STRINGS_H
| # include <strings.h>
| #endif
| #ifdef HAVE_INTTYPES_H
| # include <inttypes.h>
| #endif
| #ifdef HAVE_STDINT_H
| # include <stdint.h>
| #endif
| #ifdef HAVE_UNISTD_H
| # include <unistd.h>
| #endif
| #include <sys/inttypes.h>
configure:5532: result: no
configure:5532: checking sys/inttypes.h presence
configure:5532: g++ -E  conftest.cpp
conftest.cpp:29:10: fatal error: sys/inttypes.h: No such file or directory
 #include <sys/inttypes.h>
          ^~~~~~~~~~~~~~~~
compilation terminated.
configure:5532: $? = 1
configure: failed program was:
| /* confdefs.h */
| #define PACKAGE_NAME "smartmontools"
| #define PACKAGE_TARNAME "smartmontools"
| #define PACKAGE_VERSION "6.5"
| #define PACKAGE_STRING "smartmontools 6.5"
| #define PACKAGE_BUGREPORT "smartmontools-support@lists.sourceforge.net"
| #define PACKAGE_URL ""
| #define PACKAGE "smartmontools"
| #define VERSION "6.5"
| #define SMARTMONTOOLS_CONFIGURE_ARGS ""
| #define SMARTMONTOOLS_RELEASE_DATE "2016-05-07"
| #define SMARTMONTOOLS_RELEASE_TIME "11:17:46 UTC"
| #define CONFIG_H_CVSID "$Id: configure.ac 4318 2016-05-07 11:18:20Z chrfranke $"
| #define PACKAGE_HOMEPAGE "http://www.smartmontools.org/"
| #define STDC_HEADERS 1
| #define HAVE_SYS_TYPES_H 1
| #define HAVE_SYS_STAT_H 1
| #define HAVE_STDLIB_H 1
| #define HAVE_STRING_H 1
| #define HAVE_MEMORY_H 1
| #define HAVE_STRINGS_H 1
| #define HAVE_INTTYPES_H 1
| #define HAVE_STDINT_H 1
| #define HAVE_UNISTD_H 1
| #define HAVE_LOCALE_H 1
| #define HAVE_INTTYPES_H 1
| #define HAVE_STDINT_H 1
| /* end confdefs.h.  */
| #include <sys/inttypes.h>
configure:5532: result: no
configure:5532: checking for sys/inttypes.h
configure:5532: result: no
configure:5543: checking sys/int_types.h usability
configure:5543: g++ -c -g -O2  conftest.cpp >&5
conftest.cpp:62:10: fatal error: sys/int_types.h: No such file or directory
 #include <sys/int_types.h>
          ^~~~~~~~~~~~~~~~~
compilation terminated.
configure:5543: $? = 1
configure: failed program was:
| /* confdefs.h */
| #define PACKAGE_NAME "smartmontools"
| #define PACKAGE_TARNAME "smartmontools"
| #define PACKAGE_VERSION "6.5"
| #define PACKAGE_STRING "smartmontools 6.5"
| #define PACKAGE_BUGREPORT "smartmontools-support@lists.sourceforge.net"
| #define PACKAGE_URL ""
| #define PACKAGE "smartmontools"
| #define VERSION "6.5"
| #define SMARTMONTOOLS_CONFIGURE_ARGS ""
| #define SMARTMONTOOLS_RELEASE_DATE "2016-05-07"
| #define SMARTMONTOOLS_RELEASE_TIME "11:17:46 UTC"
| #define CONFIG_H_CVSID "$Id: configure.ac 4318 2016-05-07 11:18:20Z chrfranke $"
| #define PACKAGE_HOMEPAGE "http://www.smartmontools.org/"
| #define STDC_HEADERS 1
| #define HAVE_SYS_TYPES_H 1
| #define HAVE_SYS_STAT_H 1
| #define HAVE_STDLIB_H 1
| #define HAVE_STRING_H 1
| #define HAVE_MEMORY_H 1
| #define HAVE_STRINGS_H 1
| #define HAVE_INTTYPES_H 1
| #define HAVE_STDINT_H 1
| #define HAVE_UNISTD_H 1
| #define HAVE_LOCALE_H 1
| #define HAVE_INTTYPES_H 1
| #define HAVE_STDINT_H 1
| /* end confdefs.h.  */
| #include <stdio.h>
| #ifdef HAVE_SYS_TYPES_H
| # include <sys/types.h>
| #endif
| #ifdef HAVE_SYS_STAT_H
| # include <sys/stat.h>
| #endif
| #ifdef STDC_HEADERS
| # include <stdlib.h>
| # include <stddef.h>
| #else
| # ifdef HAVE_STDLIB_H
| #  include <stdlib.h>
| # endif
| #endif
| #ifdef HAVE_STRING_H
| # if !defined STDC_HEADERS && defined HAVE_MEMORY_H
| #  include <memory.h>
| # endif
| # include <string.h>
| #endif
| #ifdef HAVE_STRINGS_H
| # include <strings.h>
| #endif
| #ifdef HAVE_INTTYPES_H
| # include <inttypes.h>
| #endif
| #ifdef HAVE_STDINT_H
| # include <stdint.h>
| #endif
| #ifdef HAVE_UNISTD_H
| # include <unistd.h>
| #endif
| #include <sys/int_types.h>
configure:5543: result: no
configure:5543: checking sys/int_types.h presence
configure:5543: g++ -E  conftest.cpp
conftest.cpp:29:10: fatal error: sys/int_types.h: No such file or directory
 #include <sys/int_types.h>
          ^~~~~~~~~~~~~~~~~
compilation terminated.
configure:5543: $? = 1
configure: failed program was:
| /* confdefs.h */
| #define PACKAGE_NAME "smartmontools"
| #define PACKAGE_TARNAME "smartmontools"
| #define PACKAGE_VERSION "6.5"
| #define PACKAGE_STRING "smartmontools 6.5"
| #define PACKAGE_BUGREPORT "smartmontools-support@lists.sourceforge.net"
| #define PACKAGE_URL ""
| #define PACKAGE "smartmontools"
| #define VERSION "6.5"
| #define SMARTMONTOOLS_CONFIGURE_ARGS ""
| #define SMARTMONTOOLS_RELEASE_DATE "2016-05-07"
| #define SMARTMONTOOLS_RELEASE_TIME "11:17:46 UTC"
| #define CONFIG_H_CVSID "$Id: configure.ac 4318 2016-05-07 11:18:20Z chrfranke $"
| #define PACKAGE_HOMEPAGE "http://www.smartmontools.org/"
| #define STDC_HEADERS 1
| #define HAVE_SYS_TYPES_H 1
| #define HAVE_SYS_STAT_H 1
| #define HAVE_STDLIB_H 1
| #define HAVE_STRING_H 1
| #define HAVE_MEMORY_H 1
| #define HAVE_STRINGS_H 1
| #define HAVE_INTTYPES_H 1
| #define HAVE_STDINT_H 1
| #define HAVE_UNISTD_H 1
| #define HAVE_LOCALE_H 1
| #define HAVE_INTTYPES_H 1
| #define HAVE_STDINT_H 1
| /* end confdefs.h.  */
| #include <sys/int_types.h>
configure:5543: result: no
configure:5543: checking for sys/int_types.h
configure:5543: result: no
configure:5554: checking sys/tweio.h usability
configure:5554: g++ -c -g -O2  conftest.cpp >&5
conftest.cpp:62:10: fatal error: sys/tweio.h: No such file or directory
 #include <sys/tweio.h>
          ^~~~~~~~~~~~~
compilation terminated.
configure:5554: $? = 1
configure: failed program was:
| /* confdefs.h */
| #define PACKAGE_NAME "smartmontools"
| #define PACKAGE_TARNAME "smartmontools"
| #define PACKAGE_VERSION "6.5"
| #define PACKAGE_STRING "smartmontools 6.5"
| #define PACKAGE_BUGREPORT "smartmontools-support@lists.sourceforge.net"
| #define PACKAGE_URL ""
| #define PACKAGE "smartmontools"
| #define VERSION "6.5"
| #define SMARTMONTOOLS_CONFIGURE_ARGS ""
| #define SMARTMONTOOLS_RELEASE_DATE "2016-05-07"
| #define SMARTMONTOOLS_RELEASE_TIME "11:17:46 UTC"
| #define CONFIG_H_CVSID "$Id: configure.ac 4318 2016-05-07 11:18:20Z chrfranke $"
| #define PACKAGE_HOMEPAGE "http://www.smartmontools.org/"
| #define STDC_HEADERS 1
| #define HAVE_SYS_TYPES_H 1
| #define HAVE_SYS_STAT_H 1
| #define HAVE_STDLIB_H 1
| #define HAVE_STRING_H 1
| #define HAVE_MEMORY_H 1
| #define HAVE_STRINGS_H 1
| #define HAVE_INTTYPES_H 1
| #define HAVE_STDINT_H 1
| #define HAVE_UNISTD_H 1
| #define HAVE_LOCALE_H 1
| #define HAVE_INTTYPES_H 1
| #define HAVE_STDINT_H 1
| /* end confdefs.h.  */
| #include <stdio.h>
| #ifdef HAVE_SYS_TYPES_H
| # include <sys/types.h>
| #endif
| #ifdef HAVE_SYS_STAT_H
| # include <sys/stat.h>
| #endif
| #ifdef STDC_HEADERS
| # include <stdlib.h>
| # include <stddef.h>
| #else
| # ifdef HAVE_STDLIB_H
| #  include <stdlib.h>
| # endif
| #endif
| #ifdef HAVE_STRING_H
| # if !defined STDC_HEADERS && defined HAVE_MEMORY_H
| #  include <memory.h>
| # endif
| # include <string.h>
| #endif
| #ifdef HAVE_STRINGS_H
| # include <strings.h>
| #endif
| #ifdef HAVE_INTTYPES_H
| # include <inttypes.h>
| #endif
| #ifdef HAVE_STDINT_H
| # include <stdint.h>
| #endif
| #ifdef HAVE_UNISTD_H
| # include <unistd.h>
| #endif
| #include <sys/tweio.h>
configure:5554: result: no
configure:5554: checking sys/tweio.h presence
configure:5554: g++ -E  conftest.cpp
conftest.cpp:29:10: fatal error: sys/tweio.h: No such file or directory
 #include <sys/tweio.h>
          ^~~~~~~~~~~~~
compilation terminated.
configure:5554: $? = 1
configure: failed program was:
| /* confdefs.h */
| #define PACKAGE_NAME "smartmontools"
| #define PACKAGE_TARNAME "smartmontools"
| #define PACKAGE_VERSION "6.5"
| #define PACKAGE_STRING "smartmontools 6.5"
| #define PACKAGE_BUGREPORT "smartmontools-support@lists.sourceforge.net"
| #define PACKAGE_URL ""
| #define PACKAGE "smartmontools"
| #define VERSION "6.5"
| #define SMARTMONTOOLS_CONFIGURE_ARGS ""
| #define SMARTMONTOOLS_RELEASE_DATE "2016-05-07"
| #define SMARTMONTOOLS_RELEASE_TIME "11:17:46 UTC"
| #define CONFIG_H_CVSID "$Id: configure.ac 4318 2016-05-07 11:18:20Z chrfranke $"
| #define PACKAGE_HOMEPAGE "http://www.smartmontools.org/"
| #define STDC_HEADERS 1
| #define HAVE_SYS_TYPES_H 1
| #define HAVE_SYS_STAT_H 1
| #define HAVE_STDLIB_H 1
| #define HAVE_STRING_H 1
| #define HAVE_MEMORY_H 1
| #define HAVE_STRINGS_H 1
| #define HAVE_INTTYPES_H 1
| #define HAVE_STDINT_H 1
| #define HAVE_UNISTD_H 1
| #define HAVE_LOCALE_H 1
| #define HAVE_INTTYPES_H 1
| #define HAVE_STDINT_H 1
| /* end confdefs.h.  */
| #include <sys/tweio.h>
configure:5554: result: no
configure:5554: checking for sys/tweio.h
configure:5554: result: no
configure:5566: checking sys/twereg.h usability
configure:5566: g++ -c -g -O2  conftest.cpp >&5
conftest.cpp:62:10: fatal error: sys/twereg.h: No such file or directory
 #include <sys/twereg.h>
          ^~~~~~~~~~~~~~
compilation terminated.
configure:5566: $? = 1
configure: failed program was:
| /* confdefs.h */
| #define PACKAGE_NAME "smartmontools"
| #define PACKAGE_TARNAME "smartmontools"
| #define PACKAGE_VERSION "6.5"
| #define PACKAGE_STRING "smartmontools 6.5"
| #define PACKAGE_BUGREPORT "smartmontools-support@lists.sourceforge.net"
| #define PACKAGE_URL ""
| #define PACKAGE "smartmontools"
| #define VERSION "6.5"
| #define SMARTMONTOOLS_CONFIGURE_ARGS ""
| #define SMARTMONTOOLS_RELEASE_DATE "2016-05-07"
| #define SMARTMONTOOLS_RELEASE_TIME "11:17:46 UTC"
| #define CONFIG_H_CVSID "$Id: configure.ac 4318 2016-05-07 11:18:20Z chrfranke $"
| #define PACKAGE_HOMEPAGE "http://www.smartmontools.org/"
| #define STDC_HEADERS 1
| #define HAVE_SYS_TYPES_H 1
| #define HAVE_SYS_STAT_H 1
| #define HAVE_STDLIB_H 1
| #define HAVE_STRING_H 1
| #define HAVE_MEMORY_H 1
| #define HAVE_STRINGS_H 1
| #define HAVE_INTTYPES_H 1
| #define HAVE_STDINT_H 1
| #define HAVE_UNISTD_H 1
| #define HAVE_LOCALE_H 1
| #define HAVE_INTTYPES_H 1
| #define HAVE_STDINT_H 1
| /* end confdefs.h.  */
| #include <stdio.h>
| #ifdef HAVE_SYS_TYPES_H
| # include <sys/types.h>
| #endif
| #ifdef HAVE_SYS_STAT_H
| # include <sys/stat.h>
| #endif
| #ifdef STDC_HEADERS
| # include <stdlib.h>
| # include <stddef.h>
| #else
| # ifdef HAVE_STDLIB_H
| #  include <stdlib.h>
| # endif
| #endif
| #ifdef HAVE_STRING_H
| # if !defined STDC_HEADERS && defined HAVE_MEMORY_H
| #  include <memory.h>
| # endif
| # include <string.h>
| #endif
| #ifdef HAVE_STRINGS_H
| # include <strings.h>
| #endif
| #ifdef HAVE_INTTYPES_H
| # include <inttypes.h>
| #endif
| #ifdef HAVE_STDINT_H
| # include <stdint.h>
| #endif
| #ifdef HAVE_UNISTD_H
| # include <unistd.h>
| #endif
| #include <sys/twereg.h>
configure:5566: result: no
configure:5566: checking sys/twereg.h presence
configure:5566: g++ -E  conftest.cpp
conftest.cpp:29:10: fatal error: sys/twereg.h: No such file or directory
 #include <sys/twereg.h>
          ^~~~~~~~~~~~~~
compilation terminated.
configure:5566: $? = 1
configure: failed program was:
| /* confdefs.h */
| #define PACKAGE_NAME "smartmontools"
| #define PACKAGE_TARNAME "smartmontools"
| #define PACKAGE_VERSION "6.5"
| #define PACKAGE_STRING "smartmontools 6.5"
| #define PACKAGE_BUGREPORT "smartmontools-support@lists.sourceforge.net"
| #define PACKAGE_URL ""
| #define PACKAGE "smartmontools"
| #define VERSION "6.5"
| #define SMARTMONTOOLS_CONFIGURE_ARGS ""
| #define SMARTMONTOOLS_RELEASE_DATE "2016-05-07"
| #define SMARTMONTOOLS_RELEASE_TIME "11:17:46 UTC"
| #define CONFIG_H_CVSID "$Id: configure.ac 4318 2016-05-07 11:18:20Z chrfranke $"
| #define PACKAGE_HOMEPAGE "http://www.smartmontools.org/"
| #define STDC_HEADERS 1
| #define HAVE_SYS_TYPES_H 1
| #define HAVE_SYS_STAT_H 1
| #define HAVE_STDLIB_H 1
| #define HAVE_STRING_H 1
| #define HAVE_MEMORY_H 1
| #define HAVE_STRINGS_H 1
| #define HAVE_INTTYPES_H 1
| #define HAVE_STDINT_H 1
| #define HAVE_UNISTD_H 1
| #define HAVE_LOCALE_H 1
| #define HAVE_INTTYPES_H 1
| #define HAVE_STDINT_H 1
| /* end confdefs.h.  */
| #include <sys/twereg.h>
configure:5566: result: no
configure:5566: checking for sys/twereg.h
configure:5566: result: no
configure:5578: checking sys/tw_osl_ioctl.h usability
configure:5578: g++ -c -g -O2  conftest.cpp >&5
conftest.cpp:62:10: fatal error: sys/tw_osl_ioctl.h: No such file or directory
 #include <sys/tw_osl_ioctl.h>
          ^~~~~~~~~~~~~~~~~~~~
compilation terminated.
configure:5578: $? = 1
configure: failed program was:
| /* confdefs.h */
| #define PACKAGE_NAME "smartmontools"
| #define PACKAGE_TARNAME "smartmontools"
| #define PACKAGE_VERSION "6.5"
| #define PACKAGE_STRING "smartmontools 6.5"
| #define PACKAGE_BUGREPORT "smartmontools-support@lists.sourceforge.net"
| #define PACKAGE_URL ""
| #define PACKAGE "smartmontools"
| #define VERSION "6.5"
| #define SMARTMONTOOLS_CONFIGURE_ARGS ""
| #define SMARTMONTOOLS_RELEASE_DATE "2016-05-07"
| #define SMARTMONTOOLS_RELEASE_TIME "11:17:46 UTC"
| #define CONFIG_H_CVSID "$Id: configure.ac 4318 2016-05-07 11:18:20Z chrfranke $"
| #define PACKAGE_HOMEPAGE "http://www.smartmontools.org/"
| #define STDC_HEADERS 1
| #define HAVE_SYS_TYPES_H 1
| #define HAVE_SYS_STAT_H 1
| #define HAVE_STDLIB_H 1
| #define HAVE_STRING_H 1
| #define HAVE_MEMORY_H 1
| #define HAVE_STRINGS_H 1
| #define HAVE_INTTYPES_H 1
| #define HAVE_STDINT_H 1
| #define HAVE_UNISTD_H 1
| #define HAVE_LOCALE_H 1
| #define HAVE_INTTYPES_H 1
| #define HAVE_STDINT_H 1
| /* end confdefs.h.  */
| #include <stdio.h>
| #ifdef HAVE_SYS_TYPES_H
| # include <sys/types.h>
| #endif
| #ifdef HAVE_SYS_STAT_H
| # include <sys/stat.h>
| #endif
| #ifdef STDC_HEADERS
| # include <stdlib.h>
| # include <stddef.h>
| #else
| # ifdef HAVE_STDLIB_H
| #  include <stdlib.h>
| # endif
| #endif
| #ifdef HAVE_STRING_H
| # if !defined STDC_HEADERS && defined HAVE_MEMORY_H
| #  include <memory.h>
| # endif
| # include <string.h>
| #endif
| #ifdef HAVE_STRINGS_H
| # include <strings.h>
| #endif
| #ifdef HAVE_INTTYPES_H
| # include <inttypes.h>
| #endif
| #ifdef HAVE_STDINT_H
| # include <stdint.h>
| #endif
| #ifdef HAVE_UNISTD_H
| # include <unistd.h>
| #endif
| #include <sys/tw_osl_ioctl.h>
configure:5578: result: no
configure:5578: checking sys/tw_osl_ioctl.h presence
configure:5578: g++ -E  conftest.cpp
conftest.cpp:29:10: fatal error: sys/tw_osl_ioctl.h: No such file or directory
 #include <sys/tw_osl_ioctl.h>
          ^~~~~~~~~~~~~~~~~~~~
compilation terminated.
configure:5578: $? = 1
configure: failed program was:
| /* confdefs.h */
| #define PACKAGE_NAME "smartmontools"
| #define PACKAGE_TARNAME "smartmontools"
| #define PACKAGE_VERSION "6.5"
| #define PACKAGE_STRING "smartmontools 6.5"
| #define PACKAGE_BUGREPORT "smartmontools-support@lists.sourceforge.net"
| #define PACKAGE_URL ""
| #define PACKAGE "smartmontools"
| #define VERSION "6.5"
| #define SMARTMONTOOLS_CONFIGURE_ARGS ""
| #define SMARTMONTOOLS_RELEASE_DATE "2016-05-07"
| #define SMARTMONTOOLS_RELEASE_TIME "11:17:46 UTC"
| #define CONFIG_H_CVSID "$Id: configure.ac 4318 2016-05-07 11:18:20Z chrfranke $"
| #define PACKAGE_HOMEPAGE "http://www.smartmontools.org/"
| #define STDC_HEADERS 1
| #define HAVE_SYS_TYPES_H 1
| #define HAVE_SYS_STAT_H 1
| #define HAVE_STDLIB_H 1
| #define HAVE_STRING_H 1
| #define HAVE_MEMORY_H 1
| #define HAVE_STRINGS_H 1
| #define HAVE_INTTYPES_H 1
| #define HAVE_STDINT_H 1
| #define HAVE_UNISTD_H 1
| #define HAVE_LOCALE_H 1
| #define HAVE_INTTYPES_H 1
| #define HAVE_STDINT_H 1
| /* end confdefs.h.  */
| #include <sys/tw_osl_ioctl.h>
configure:5578: result: no
configure:5578: checking for sys/tw_osl_ioctl.h
configure:5578: result: no
configure:5590: checking linux/compiler.h usability
configure:5590: g++ -c -g -O2  conftest.cpp >&5
configure:5590: $? = 0
configure:5590: result: yes
configure:5590: checking linux/compiler.h presence
configure:5590: g++ -E  conftest.cpp
configure:5590: $? = 0
configure:5590: result: yes
configure:5590: checking for linux/compiler.h
configure:5590: result: yes
configure:5602: checking dev/ciss/cissio.h usability
configure:5602: g++ -c -g -O2  conftest.cpp >&5
conftest.cpp:63:10: fatal error: dev/ciss/cissio.h: No such file or directory
 #include <dev/ciss/cissio.h>
          ^~~~~~~~~~~~~~~~~~~
compilation terminated.
configure:5602: $? = 1
configure: failed program was:
| /* confdefs.h */
| #define PACKAGE_NAME "smartmontools"
| #define PACKAGE_TARNAME "smartmontools"
| #define PACKAGE_VERSION "6.5"
| #define PACKAGE_STRING "smartmontools 6.5"
| #define PACKAGE_BUGREPORT "smartmontools-support@lists.sourceforge.net"
| #define PACKAGE_URL ""
| #define PACKAGE "smartmontools"
| #define VERSION "6.5"
| #define SMARTMONTOOLS_CONFIGURE_ARGS ""
| #define SMARTMONTOOLS_RELEASE_DATE "2016-05-07"
| #define SMARTMONTOOLS_RELEASE_TIME "11:17:46 UTC"
| #define CONFIG_H_CVSID "$Id: configure.ac 4318 2016-05-07 11:18:20Z chrfranke $"
| #define PACKAGE_HOMEPAGE "http://www.smartmontools.org/"
| #define STDC_HEADERS 1
| #define HAVE_SYS_TYPES_H 1
| #define HAVE_SYS_STAT_H 1
| #define HAVE_STDLIB_H 1
| #define HAVE_STRING_H 1
| #define HAVE_MEMORY_H 1
| #define HAVE_STRINGS_H 1
| #define HAVE_INTTYPES_H 1
| #define HAVE_STDINT_H 1
| #define HAVE_UNISTD_H 1
| #define HAVE_LOCALE_H 1
| #define HAVE_INTTYPES_H 1
| #define HAVE_STDINT_H 1
| #define HAVE_LINUX_COMPILER_H 1
| /* end confdefs.h.  */
| #include <stdio.h>
| #ifdef HAVE_SYS_TYPES_H
| # include <sys/types.h>
| #endif
| #ifdef HAVE_SYS_STAT_H
| # include <sys/stat.h>
| #endif
| #ifdef STDC_HEADERS
| # include <stdlib.h>
| # include <stddef.h>
| #else
| # ifdef HAVE_STDLIB_H
| #  include <stdlib.h>
| # endif
| #endif
| #ifdef HAVE_STRING_H
| # if !defined STDC_HEADERS && defined HAVE_MEMORY_H
| #  include <memory.h>
| # endif
| # include <string.h>
| #endif
| #ifdef HAVE_STRINGS_H
| # include <strings.h>
| #endif
| #ifdef HAVE_INTTYPES_H
| # include <inttypes.h>
| #endif
| #ifdef HAVE_STDINT_H
| # include <stdint.h>
| #endif
| #ifdef HAVE_UNISTD_H
| # include <unistd.h>
| #endif
| #include <dev/ciss/cissio.h>
configure:5602: result: no
configure:5602: checking dev/ciss/cissio.h presence
configure:5602: g++ -E  conftest.cpp
conftest.cpp:30:10: fatal error: dev/ciss/cissio.h: No such file or directory
 #include <dev/ciss/cissio.h>
          ^~~~~~~~~~~~~~~~~~~
compilation terminated.
configure:5602: $? = 1
configure: failed program was:
| /* confdefs.h */
| #define PACKAGE_NAME "smartmontools"
| #define PACKAGE_TARNAME "smartmontools"
| #define PACKAGE_VERSION "6.5"
| #define PACKAGE_STRING "smartmontools 6.5"
| #define PACKAGE_BUGREPORT "smartmontools-support@lists.sourceforge.net"
| #define PACKAGE_URL ""
| #define PACKAGE "smartmontools"
| #define VERSION "6.5"
| #define SMARTMONTOOLS_CONFIGURE_ARGS ""
| #define SMARTMONTOOLS_RELEASE_DATE "2016-05-07"
| #define SMARTMONTOOLS_RELEASE_TIME "11:17:46 UTC"
| #define CONFIG_H_CVSID "$Id: configure.ac 4318 2016-05-07 11:18:20Z chrfranke $"
| #define PACKAGE_HOMEPAGE "http://www.smartmontools.org/"
| #define STDC_HEADERS 1
| #define HAVE_SYS_TYPES_H 1
| #define HAVE_SYS_STAT_H 1
| #define HAVE_STDLIB_H 1
| #define HAVE_STRING_H 1
| #define HAVE_MEMORY_H 1
| #define HAVE_STRINGS_H 1
| #define HAVE_INTTYPES_H 1
| #define HAVE_STDINT_H 1
| #define HAVE_UNISTD_H 1
| #define HAVE_LOCALE_H 1
| #define HAVE_INTTYPES_H 1
| #define HAVE_STDINT_H 1
| #define HAVE_LINUX_COMPILER_H 1
| /* end confdefs.h.  */
| #include <dev/ciss/cissio.h>
configure:5602: result: no
configure:5602: checking for dev/ciss/cissio.h
configure:5602: result: no
configure:5621: checking for linux/cciss_ioctl.h
configure:5621: g++ -c -g -O2  conftest.cpp >&5
configure:5621: $? = 0
configure:5621: result: yes
configure:5639: checking for ntdddisk.h
configure:5639: g++ -c -g -O2  conftest.cpp >&5
conftest.cpp:65:10: fatal error: windows.h: No such file or directory
 #include <windows.h>
          ^~~~~~~~~~~
compilation terminated.
configure:5639: $? = 1
configure: failed program was:
| /* confdefs.h */
| #define PACKAGE_NAME "smartmontools"
| #define PACKAGE_TARNAME "smartmontools"
| #define PACKAGE_VERSION "6.5"
| #define PACKAGE_STRING "smartmontools 6.5"
| #define PACKAGE_BUGREPORT "smartmontools-support@lists.sourceforge.net"
| #define PACKAGE_URL ""
| #define PACKAGE "smartmontools"
| #define VERSION "6.5"
| #define SMARTMONTOOLS_CONFIGURE_ARGS ""
| #define SMARTMONTOOLS_RELEASE_DATE "2016-05-07"
| #define SMARTMONTOOLS_RELEASE_TIME "11:17:46 UTC"
| #define CONFIG_H_CVSID "$Id: configure.ac 4318 2016-05-07 11:18:20Z chrfranke $"
| #define PACKAGE_HOMEPAGE "http://www.smartmontools.org/"
| #define STDC_HEADERS 1
| #define HAVE_SYS_TYPES_H 1
| #define HAVE_SYS_STAT_H 1
| #define HAVE_STDLIB_H 1
| #define HAVE_STRING_H 1
| #define HAVE_MEMORY_H 1
| #define HAVE_STRINGS_H 1
| #define HAVE_INTTYPES_H 1
| #define HAVE_STDINT_H 1
| #define HAVE_UNISTD_H 1
| #define HAVE_LOCALE_H 1
| #define HAVE_INTTYPES_H 1
| #define HAVE_STDINT_H 1
| #define HAVE_LINUX_COMPILER_H 1
| #define CISS_LOCATION "cissio_freebsd.h"
| #define HAVE_LINUX_CCISS_IOCTL_H 1
| /* end confdefs.h.  */
| #include <stdio.h>
| #ifdef HAVE_SYS_TYPES_H
| # include <sys/types.h>
| #endif
| #ifdef HAVE_SYS_STAT_H
| # include <sys/stat.h>
| #endif
| #ifdef STDC_HEADERS
| # include <stdlib.h>
| # include <stddef.h>
| #else
| # ifdef HAVE_STDLIB_H
| #  include <stdlib.h>
| # endif
| #endif
| #ifdef HAVE_STRING_H
| # if !defined STDC_HEADERS && defined HAVE_MEMORY_H
| #  include <memory.h>
| # endif
| # include <string.h>
| #endif
| #ifdef HAVE_STRINGS_H
| # include <strings.h>
| #endif
| #ifdef HAVE_INTTYPES_H
| # include <inttypes.h>
| #endif
| #ifdef HAVE_STDINT_H
| # include <stdint.h>
| #endif
| #ifdef HAVE_UNISTD_H
| # include <unistd.h>
| #endif
| #include <windows.h>
| 
| 
| #include <ntdddisk.h>
configure:5639: result: no
configure:5639: checking for ddk/ntdddisk.h
configure:5639: g++ -c -g -O2  conftest.cpp >&5
conftest.cpp:65:10: fatal error: windows.h: No such file or directory
 #include <windows.h>
          ^~~~~~~~~~~
compilation terminated.
configure:5639: $? = 1
configure: failed program was:
| /* confdefs.h */
| #define PACKAGE_NAME "smartmontools"
| #define PACKAGE_TARNAME "smartmontools"
| #define PACKAGE_VERSION "6.5"
| #define PACKAGE_STRING "smartmontools 6.5"
| #define PACKAGE_BUGREPORT "smartmontools-support@lists.sourceforge.net"
| #define PACKAGE_URL ""
| #define PACKAGE "smartmontools"
| #define VERSION "6.5"
| #define SMARTMONTOOLS_CONFIGURE_ARGS ""
| #define SMARTMONTOOLS_RELEASE_DATE "2016-05-07"
| #define SMARTMONTOOLS_RELEASE_TIME "11:17:46 UTC"
| #define CONFIG_H_CVSID "$Id: configure.ac 4318 2016-05-07 11:18:20Z chrfranke $"
| #define PACKAGE_HOMEPAGE "http://www.smartmontools.org/"
| #define STDC_HEADERS 1
| #define HAVE_SYS_TYPES_H 1
| #define HAVE_SYS_STAT_H 1
| #define HAVE_STDLIB_H 1
| #define HAVE_STRING_H 1
| #define HAVE_MEMORY_H 1
| #define HAVE_STRINGS_H 1
| #define HAVE_INTTYPES_H 1
| #define HAVE_STDINT_H 1
| #define HAVE_UNISTD_H 1
| #define HAVE_LOCALE_H 1
| #define HAVE_INTTYPES_H 1
| #define HAVE_STDINT_H 1
| #define HAVE_LINUX_COMPILER_H 1
| #define CISS_LOCATION "cissio_freebsd.h"
| #define HAVE_LINUX_CCISS_IOCTL_H 1
| /* end confdefs.h.  */
| #include <stdio.h>
| #ifdef HAVE_SYS_TYPES_H
| # include <sys/types.h>
| #endif
| #ifdef HAVE_SYS_STAT_H
| # include <sys/stat.h>
| #endif
| #ifdef STDC_HEADERS
| # include <stdlib.h>
| # include <stddef.h>
| #else
| # ifdef HAVE_STDLIB_H
| #  include <stdlib.h>
| # endif
| #endif
| #ifdef HAVE_STRING_H
| # if !defined STDC_HEADERS && defined HAVE_MEMORY_H
| #  include <memory.h>
| # endif
| # include <string.h>
| #endif
| #ifdef HAVE_STRINGS_H
| # include <strings.h>
| #endif
| #ifdef HAVE_INTTYPES_H
| # include <inttypes.h>
| #endif
| #ifdef HAVE_STDINT_H
| # include <stdint.h>
| #endif
| #ifdef HAVE_UNISTD_H
| # include <unistd.h>
| #endif
| #include <windows.h>
| 
| 
| #include <ddk/ntdddisk.h>
configure:5639: result: no
configure:5654: checking wbemcli.h usability
configure:5654: g++ -c -g -O2  conftest.cpp >&5
conftest.cpp:65:10: fatal error: wbemcli.h: No such file or directory
 #include <wbemcli.h>
          ^~~~~~~~~~~
compilation terminated.
configure:5654: $? = 1
configure: failed program was:
| /* confdefs.h */
| #define PACKAGE_NAME "smartmontools"
| #define PACKAGE_TARNAME "smartmontools"
| #define PACKAGE_VERSION "6.5"
| #define PACKAGE_STRING "smartmontools 6.5"
| #define PACKAGE_BUGREPORT "smartmontools-support@lists.sourceforge.net"
| #define PACKAGE_URL ""
| #define PACKAGE "smartmontools"
| #define VERSION "6.5"
| #define SMARTMONTOOLS_CONFIGURE_ARGS ""
| #define SMARTMONTOOLS_RELEASE_DATE "2016-05-07"
| #define SMARTMONTOOLS_RELEASE_TIME "11:17:46 UTC"
| #define CONFIG_H_CVSID "$Id: configure.ac 4318 2016-05-07 11:18:20Z chrfranke $"
| #define PACKAGE_HOMEPAGE "http://www.smartmontools.org/"
| #define STDC_HEADERS 1
| #define HAVE_SYS_TYPES_H 1
| #define HAVE_SYS_STAT_H 1
| #define HAVE_STDLIB_H 1
| #define HAVE_STRING_H 1
| #define HAVE_MEMORY_H 1
| #define HAVE_STRINGS_H 1
| #define HAVE_INTTYPES_H 1
| #define HAVE_STDINT_H 1
| #define HAVE_UNISTD_H 1
| #define HAVE_LOCALE_H 1
| #define HAVE_INTTYPES_H 1
| #define HAVE_STDINT_H 1
| #define HAVE_LINUX_COMPILER_H 1
| #define CISS_LOCATION "cissio_freebsd.h"
| #define HAVE_LINUX_CCISS_IOCTL_H 1
| /* end confdefs.h.  */
| #include <stdio.h>
| #ifdef HAVE_SYS_TYPES_H
| # include <sys/types.h>
| #endif
| #ifdef HAVE_SYS_STAT_H
| # include <sys/stat.h>
| #endif
| #ifdef STDC_HEADERS
| # include <stdlib.h>
| # include <stddef.h>
| #else
| # ifdef HAVE_STDLIB_H
| #  include <stdlib.h>
| # endif
| #endif
| #ifdef HAVE_STRING_H
| # if !defined STDC_HEADERS && defined HAVE_MEMORY_H
| #  include <memory.h>
| # endif
| # include <string.h>
| #endif
| #ifdef HAVE_STRINGS_H
| # include <strings.h>
| #endif
| #ifdef HAVE_INTTYPES_H
| # include <inttypes.h>
| #endif
| #ifdef HAVE_STDINT_H
| # include <stdint.h>
| #endif
| #ifdef HAVE_UNISTD_H
| # include <unistd.h>
| #endif
| #include <wbemcli.h>
configure:5654: result: no
configure:5654: checking wbemcli.h presence
configure:5654: g++ -E  conftest.cpp
conftest.cpp:32:10: fatal error: wbemcli.h: No such file or directory
 #include <wbemcli.h>
          ^~~~~~~~~~~
compilation terminated.
configure:5654: $? = 1
configure: failed program was:
| /* confdefs.h */
| #define PACKAGE_NAME "smartmontools"
| #define PACKAGE_TARNAME "smartmontools"
| #define PACKAGE_VERSION "6.5"
| #define PACKAGE_STRING "smartmontools 6.5"
| #define PACKAGE_BUGREPORT "smartmontools-support@lists.sourceforge.net"
| #define PACKAGE_URL ""
| #define PACKAGE "smartmontools"
| #define VERSION "6.5"
| #define SMARTMONTOOLS_CONFIGURE_ARGS ""
| #define SMARTMONTOOLS_RELEASE_DATE "2016-05-07"
| #define SMARTMONTOOLS_RELEASE_TIME "11:17:46 UTC"
| #define CONFIG_H_CVSID "$Id: configure.ac 4318 2016-05-07 11:18:20Z chrfranke $"
| #define PACKAGE_HOMEPAGE "http://www.smartmontools.org/"
| #define STDC_HEADERS 1
| #define HAVE_SYS_TYPES_H 1
| #define HAVE_SYS_STAT_H 1
| #define HAVE_STDLIB_H 1
| #define HAVE_STRING_H 1
| #define HAVE_MEMORY_H 1
| #define HAVE_STRINGS_H 1
| #define HAVE_INTTYPES_H 1
| #define HAVE_STDINT_H 1
| #define HAVE_UNISTD_H 1
| #define HAVE_LOCALE_H 1
| #define HAVE_INTTYPES_H 1
| #define HAVE_STDINT_H 1
| #define HAVE_LINUX_COMPILER_H 1
| #define CISS_LOCATION "cissio_freebsd.h"
| #define HAVE_LINUX_CCISS_IOCTL_H 1
| /* end confdefs.h.  */
| #include <wbemcli.h>
configure:5654: result: no
configure:5654: checking for wbemcli.h
configure:5654: result: no
configure:5665: checking for int64_t
configure:5665: g++ -c -g -O2  conftest.cpp >&5
configure:5665: $? = 0
configure:5665: g++ -c -g -O2  conftest.cpp >&5
conftest.cpp: In function 'int main()':
conftest.cpp:68:21: error: expected primary-expression before ')' token
 if (sizeof ((int64_t)))
                     ^
configure:5665: $? = 1
configure: failed program was:
| /* confdefs.h */
| #define PACKAGE_NAME "smartmontools"
| #define PACKAGE_TARNAME "smartmontools"
| #define PACKAGE_VERSION "6.5"
| #define PACKAGE_STRING "smartmontools 6.5"
| #define PACKAGE_BUGREPORT "smartmontools-support@lists.sourceforge.net"
| #define PACKAGE_URL ""
| #define PACKAGE "smartmontools"
| #define VERSION "6.5"
| #define SMARTMONTOOLS_CONFIGURE_ARGS ""
| #define SMARTMONTOOLS_RELEASE_DATE "2016-05-07"
| #define SMARTMONTOOLS_RELEASE_TIME "11:17:46 UTC"
| #define CONFIG_H_CVSID "$Id: configure.ac 4318 2016-05-07 11:18:20Z chrfranke $"
| #define PACKAGE_HOMEPAGE "http://www.smartmontools.org/"
| #define STDC_HEADERS 1
| #define HAVE_SYS_TYPES_H 1
| #define HAVE_SYS_STAT_H 1
| #define HAVE_STDLIB_H 1
| #define HAVE_STRING_H 1
| #define HAVE_MEMORY_H 1
| #define HAVE_STRINGS_H 1
| #define HAVE_INTTYPES_H 1
| #define HAVE_STDINT_H 1
| #define HAVE_UNISTD_H 1
| #define HAVE_LOCALE_H 1
| #define HAVE_INTTYPES_H 1
| #define HAVE_STDINT_H 1
| #define HAVE_LINUX_COMPILER_H 1
| #define CISS_LOCATION "cissio_freebsd.h"
| #define HAVE_LINUX_CCISS_IOCTL_H 1
| /* end confdefs.h.  */
| #include <stdio.h>
| #ifdef HAVE_SYS_TYPES_H
| # include <sys/types.h>
| #endif
| #ifdef HAVE_SYS_STAT_H
| # include <sys/stat.h>
| #endif
| #ifdef STDC_HEADERS
| # include <stdlib.h>
| # include <stddef.h>
| #else
| # ifdef HAVE_STDLIB_H
| #  include <stdlib.h>
| # endif
| #endif
| #ifdef HAVE_STRING_H
| # if !defined STDC_HEADERS && defined HAVE_MEMORY_H
| #  include <memory.h>
| # endif
| # include <string.h>
| #endif
| #ifdef HAVE_STRINGS_H
| # include <strings.h>
| #endif
| #ifdef HAVE_INTTYPES_H
| # include <inttypes.h>
| #endif
| #ifdef HAVE_STDINT_H
| # include <stdint.h>
| #endif
| #ifdef HAVE_UNISTD_H
| # include <unistd.h>
| #endif
| int
| main ()
| {
| if (sizeof ((int64_t)))
| 	    return 0;
|   ;
|   return 0;
| }
configure:5665: result: yes
configure:5674: checking for uint64_t
configure:5674: g++ -c -g -O2  conftest.cpp >&5
configure:5674: $? = 0
configure:5674: g++ -c -g -O2  conftest.cpp >&5
conftest.cpp: In function 'int main()':
conftest.cpp:69:22: error: expected primary-expression before ')' token
 if (sizeof ((uint64_t)))
                      ^
configure:5674: $? = 1
configure: failed program was:
| /* confdefs.h */
| #define PACKAGE_NAME "smartmontools"
| #define PACKAGE_TARNAME "smartmontools"
| #define PACKAGE_VERSION "6.5"
| #define PACKAGE_STRING "smartmontools 6.5"
| #define PACKAGE_BUGREPORT "smartmontools-support@lists.sourceforge.net"
| #define PACKAGE_URL ""
| #define PACKAGE "smartmontools"
| #define VERSION "6.5"
| #define SMARTMONTOOLS_CONFIGURE_ARGS ""
| #define SMARTMONTOOLS_RELEASE_DATE "2016-05-07"
| #define SMARTMONTOOLS_RELEASE_TIME "11:17:46 UTC"
| #define CONFIG_H_CVSID "$Id: configure.ac 4318 2016-05-07 11:18:20Z chrfranke $"
| #define PACKAGE_HOMEPAGE "http://www.smartmontools.org/"
| #define STDC_HEADERS 1
| #define HAVE_SYS_TYPES_H 1
| #define HAVE_SYS_STAT_H 1
| #define HAVE_STDLIB_H 1
| #define HAVE_STRING_H 1
| #define HAVE_MEMORY_H 1
| #define HAVE_STRINGS_H 1
| #define HAVE_INTTYPES_H 1
| #define HAVE_STDINT_H 1
| #define HAVE_UNISTD_H 1
| #define HAVE_LOCALE_H 1
| #define HAVE_INTTYPES_H 1
| #define HAVE_STDINT_H 1
| #define HAVE_LINUX_COMPILER_H 1
| #define CISS_LOCATION "cissio_freebsd.h"
| #define HAVE_LINUX_CCISS_IOCTL_H 1
| #define HAVE_INT64_T 1
| /* end confdefs.h.  */
| #include <stdio.h>
| #ifdef HAVE_SYS_TYPES_H
| # include <sys/types.h>
| #endif
| #ifdef HAVE_SYS_STAT_H
| # include <sys/stat.h>
| #endif
| #ifdef STDC_HEADERS
| # include <stdlib.h>
| # include <stddef.h>
| #else
| # ifdef HAVE_STDLIB_H
| #  include <stdlib.h>
| # endif
| #endif
| #ifdef HAVE_STRING_H
| # if !defined STDC_HEADERS && defined HAVE_MEMORY_H
| #  include <memory.h>
| # endif
| # include <string.h>
| #endif
| #ifdef HAVE_STRINGS_H
| # include <strings.h>
| #endif
| #ifdef HAVE_INTTYPES_H
| # include <inttypes.h>
| #endif
| #ifdef HAVE_STDINT_H
| # include <stdint.h>
| #endif
| #ifdef HAVE_UNISTD_H
| # include <unistd.h>
| #endif
| int
| main ()
| {
| if (sizeof ((uint64_t)))
| 	    return 0;
|   ;
|   return 0;
| }
configure:5674: result: yes
configure:5687: checking for getopt_long
configure:5687: g++ -o conftest -g -O2   conftest.cpp  >&5
configure:5687: $? = 0
configure:5687: result: yes
configure:5708: checking for regcomp
configure:5708: g++ -o conftest -g -O2   conftest.cpp  >&5
configure:5708: $? = 0
configure:5708: result: yes
configure:5730: checking for sigset
configure:5730: g++ -o conftest -g -O2   conftest.cpp  >&5
configure:5730: $? = 0
configure:5730: result: yes
configure:5741: checking for strtoull
configure:5741: g++ -o conftest -g -O2   conftest.cpp  >&5
configure:5741: $? = 0
configure:5741: result: yes
configure:5752: checking for uname
configure:5752: g++ -o conftest -g -O2   conftest.cpp  >&5
configure:5752: $? = 0
configure:5752: result: yes
configure:5764: checking for clock_gettime
configure:5764: g++ -o conftest -g -O2   conftest.cpp  >&5
configure:5764: $? = 0
configure:5764: result: yes
configure:5764: checking for ftime
configure:5764: g++ -o conftest -g -O2   conftest.cpp  >&5
configure:5764: $? = 0
configure:5764: result: yes
configure:5764: checking for gettimeofday
configure:5764: g++ -o conftest -g -O2   conftest.cpp  >&5
configure:5764: $? = 0
configure:5764: result: yes
configure:5775: checking whether byte ordering is bigendian
configure:5790: g++ -c -g -O2  conftest.cpp >&5
conftest.cpp:43:9: error: expected unqualified-id before 'not' token
         not a universal capable compiler
         ^~~
configure:5790: $? = 1
configure: failed program was:
| /* confdefs.h */
| #define PACKAGE_NAME "smartmontools"
| #define PACKAGE_TARNAME "smartmontools"
| #define PACKAGE_VERSION "6.5"
| #define PACKAGE_STRING "smartmontools 6.5"
| #define PACKAGE_BUGREPORT "smartmontools-support@lists.sourceforge.net"
| #define PACKAGE_URL ""
| #define PACKAGE "smartmontools"
| #define VERSION "6.5"
| #define SMARTMONTOOLS_CONFIGURE_ARGS ""
| #define SMARTMONTOOLS_RELEASE_DATE "2016-05-07"
| #define SMARTMONTOOLS_RELEASE_TIME "11:17:46 UTC"
| #define CONFIG_H_CVSID "$Id: configure.ac 4318 2016-05-07 11:18:20Z chrfranke $"
| #define PACKAGE_HOMEPAGE "http://www.smartmontools.org/"
| #define STDC_HEADERS 1
| #define HAVE_SYS_TYPES_H 1
| #define HAVE_SYS_STAT_H 1
| #define HAVE_STDLIB_H 1
| #define HAVE_STRING_H 1
| #define HAVE_MEMORY_H 1
| #define HAVE_STRINGS_H 1
| #define HAVE_INTTYPES_H 1
| #define HAVE_STDINT_H 1
| #define HAVE_UNISTD_H 1
| #define HAVE_LOCALE_H 1
| #define HAVE_INTTYPES_H 1
| #define HAVE_STDINT_H 1
| #define HAVE_LINUX_COMPILER_H 1
| #define CISS_LOCATION "cissio_freebsd.h"
| #define HAVE_LINUX_CCISS_IOCTL_H 1
| #define HAVE_INT64_T 1
| #define HAVE_UINT64_T 1
| #define HAVE_GETOPT_LONG 1
| #define HAVE_REGCOMP 1
| #define HAVE_SIGSET 1
| #define HAVE_STRTOULL 1
| #define HAVE_UNAME 1
| #define HAVE_CLOCK_GETTIME 1
| #define HAVE_FTIME 1
| #define HAVE_GETTIMEOFDAY 1
| /* end confdefs.h.  */
| #ifndef __APPLE_CC__
| 	       not a universal capable compiler
| 	     #endif
| 	     typedef int dummy;
| 
configure:5835: g++ -c -g -O2  conftest.cpp >&5
configure:5835: $? = 0
configure:5853: g++ -c -g -O2  conftest.cpp >&5
conftest.cpp: In function 'int main()':
conftest.cpp:49:8: error: 'big' was not declared in this scope
    not big endian
        ^~~
configure:5853: $? = 1
configure: failed program was:
| /* confdefs.h */
| #define PACKAGE_NAME "smartmontools"
| #define PACKAGE_TARNAME "smartmontools"
| #define PACKAGE_VERSION "6.5"
| #define PACKAGE_STRING "smartmontools 6.5"
| #define PACKAGE_BUGREPORT "smartmontools-support@lists.sourceforge.net"
| #define PACKAGE_URL ""
| #define PACKAGE "smartmontools"
| #define VERSION "6.5"
| #define SMARTMONTOOLS_CONFIGURE_ARGS ""
| #define SMARTMONTOOLS_RELEASE_DATE "2016-05-07"
| #define SMARTMONTOOLS_RELEASE_TIME "11:17:46 UTC"
| #define CONFIG_H_CVSID "$Id: configure.ac 4318 2016-05-07 11:18:20Z chrfranke $"
| #define PACKAGE_HOMEPAGE "http://www.smartmontools.org/"
| #define STDC_HEADERS 1
| #define HAVE_SYS_TYPES_H 1
| #define HAVE_SYS_STAT_H 1
| #define HAVE_STDLIB_H 1
| #define HAVE_STRING_H 1
| #define HAVE_MEMORY_H 1
| #define HAVE_STRINGS_H 1
| #define HAVE_INTTYPES_H 1
| #define HAVE_STDINT_H 1
| #define HAVE_UNISTD_H 1
| #define HAVE_LOCALE_H 1
| #define HAVE_INTTYPES_H 1
| #define HAVE_STDINT_H 1
| #define HAVE_LINUX_COMPILER_H 1
| #define CISS_LOCATION "cissio_freebsd.h"
| #define HAVE_LINUX_CCISS_IOCTL_H 1
| #define HAVE_INT64_T 1
| #define HAVE_UINT64_T 1
| #define HAVE_GETOPT_LONG 1
| #define HAVE_REGCOMP 1
| #define HAVE_SIGSET 1
| #define HAVE_STRTOULL 1
| #define HAVE_UNAME 1
| #define HAVE_CLOCK_GETTIME 1
| #define HAVE_FTIME 1
| #define HAVE_GETTIMEOFDAY 1
| /* end confdefs.h.  */
| #include <sys/types.h>
| 		#include <sys/param.h>
| 
| int
| main ()
| {
| #if BYTE_ORDER != BIG_ENDIAN
| 		 not big endian
| 		#endif
| 
|   ;
|   return 0;
| }
configure:5981: result: no
configure:6003: checking whether g++ supports __attribute__((packed))
configure:6018: g++ -c -g -O2  conftest.cpp >&5
configure:6018: $? = 0
configure:6030: result: yes
configure:6050: checking for systemdsystemunitdir
configure:6053: result: /lib/systemd/system
configure:6086: checking for path of systemd EnvironmentFile
configure:6094: result: ${sysconfdir}/default/smartmontools
configure:6372: checking for capng_clear in -lcap-ng
configure:6397: g++ -o conftest -g -O2   conftest.cpp -lcap-ng   >&5
configure:6397: $? = 0
configure:6406: result: yes
configure:6416: checking cap-ng.h usability
configure:6416: g++ -c -g -O2  conftest.cpp >&5
configure:6416: $? = 0
configure:6416: result: yes
configure:6416: checking cap-ng.h presence
configure:6416: g++ -E  conftest.cpp
configure:6416: $? = 0
configure:6416: result: yes
configure:6416: checking for cap-ng.h
configure:6416: result: yes
configure:6429: checking whether to use libcap-ng
configure:6432: result: yes
configure:6723: checking whether os_linux.cpp uses new interface
configure:6734: result: yes
configure:6951: checking that generated files are newer than configure
configure:6957: result: done
configure:7053: creating ./config.status

## ---------------------- ##
## Running config.status. ##
## ---------------------- ##

This file was extended by smartmontools config.status 6.5, which was
generated by GNU Autoconf 2.69.  Invocation command line was

  CONFIG_FILES    = 
  CONFIG_HEADERS  = 
  CONFIG_LINKS    = 
  CONFIG_COMMANDS = 
  $ ./config.status 

on ogh-fdb

config.status:968: creating Makefile
config.status:968: creating config.h
config.status:1197: executing depfiles commands
configure:8369: checking whether make sets $(MAKE)
configure:8391: result: yes
configure:8498:
-----------------------------------------------------------------------------
smartmontools-6.5 configuration:
host operating system:  x86_64-unknown-linux-gnu
C++ compiler:           g++
C compiler:             gcc
preprocessor flags:     
C++ compiler flags:     -g -O2 -Wall -W
C compiler flags:       -g -O2
linker flags:           
OS specific modules:    os_linux.o cciss.o dev_areca.o  
binary install path:    /usr/local/sbin
man page install path:  /usr/local/share/man
doc file install path:  /usr/local/share/doc/smartmontools
examples install path:  /usr/local/share/doc/smartmontools/examplescripts
drive database file:    /usr/local/share/smartmontools/drivedb.h
database update script: /usr/local/sbin/update-smart-drivedb
download tools:         curl wget lynx svn
local drive database:   /usr/local/etc/smart_drivedb.h
smartd config file:     /usr/local/etc/smartd.conf
smartd warning script:  /usr/local/etc/smartd_warning.sh
smartd plugin path:     /usr/local/etc/smartd_warning.d
smartd systemd file:    /usr/local/lib/systemd/system/smartd.service
smartd environ file:    /usr/local/etc/default/smartmontools
smartd save files:      [disabled]
smartd attribute logs:  [disabled]
libcap-ng support:      yes
SELinux support:        no
NVMe DEVICESCAN:        no
-----------------------------------------------------------------------------

configure:8511: WARNING:
This version of smartmontools provides NVMe support which is still
EXPERIMENTAL.  NVMe devices are not yet included in smartd.conf
'DEVICESCAN' and 'smartctl --scan' unless '-d nvme' is specified.
Use option '--with-nvme-devicescan' to include NVMe devices.
Use option '--without-nvme-devicescan' to suppress this warning.

## ---------------- ##
## Cache variables. ##
## ---------------- ##

ac_cv_build=x86_64-unknown-linux-gnu
ac_cv_c_bigendian=no
ac_cv_c_compiler_gnu=yes
ac_cv_cxx_compiler_gnu=yes
ac_cv_env_CCASFLAGS_set=
ac_cv_env_CCASFLAGS_value=
ac_cv_env_CCAS_set=
ac_cv_env_CCAS_value=
ac_cv_env_CCC_set=
ac_cv_env_CCC_value=
ac_cv_env_CC_set=
ac_cv_env_CC_value=
ac_cv_env_CFLAGS_set=
ac_cv_env_CFLAGS_value=
ac_cv_env_CPPFLAGS_set=
ac_cv_env_CPPFLAGS_value=
ac_cv_env_CXXCPP_set=
ac_cv_env_CXXCPP_value=
ac_cv_env_CXXFLAGS_set=
ac_cv_env_CXXFLAGS_value=
ac_cv_env_CXX_set=
ac_cv_env_CXX_value=
ac_cv_env_LDFLAGS_set=
ac_cv_env_LDFLAGS_value=
ac_cv_env_LIBS_set=
ac_cv_env_LIBS_value=
ac_cv_env_MAKENSIS_set=
ac_cv_env_MAKENSIS_value=
ac_cv_env_PKG_CONFIG_LIBDIR_set=
ac_cv_env_PKG_CONFIG_LIBDIR_value=
ac_cv_env_PKG_CONFIG_PATH_set=
ac_cv_env_PKG_CONFIG_PATH_value=
ac_cv_env_PKG_CONFIG_set=
ac_cv_env_PKG_CONFIG_value=
ac_cv_env_WINDMC_set=
ac_cv_env_WINDMC_value=
ac_cv_env_WINDRES_set=
ac_cv_env_WINDRES_value=
ac_cv_env_build_alias_set=
ac_cv_env_build_alias_value=
ac_cv_env_host_alias_set=
ac_cv_env_host_alias_value=
ac_cv_env_target_alias_set=
ac_cv_env_target_alias_value=
ac_cv_func_clock_gettime=yes
ac_cv_func_ftime=yes
ac_cv_func_getopt_long=yes
ac_cv_func_gettimeofday=yes
ac_cv_func_regcomp=yes
ac_cv_func_sigset=yes
ac_cv_func_strtoull=yes
ac_cv_func_uname=yes
ac_cv_header_cap_ng_h=yes
ac_cv_header_ddk_ntdddisk_h=no
ac_cv_header_dev_ata_atavar_h=no
ac_cv_header_dev_ciss_cissio_h=no
ac_cv_header_inttypes_h=yes
ac_cv_header_linux_cciss_ioctl_h=yes
ac_cv_header_linux_compiler_h=yes
ac_cv_header_locale_h=yes
ac_cv_header_memory_h=yes
ac_cv_header_ntdddisk_h=no
ac_cv_header_stdc=yes
ac_cv_header_stdint_h=yes
ac_cv_header_stdlib_h=yes
ac_cv_header_string_h=yes
ac_cv_header_strings_h=yes
ac_cv_header_sys_int_types_h=no
ac_cv_header_sys_inttypes_h=no
ac_cv_header_sys_stat_h=yes
ac_cv_header_sys_tw_osl_ioctl_h=no
ac_cv_header_sys_tweio_h=no
ac_cv_header_sys_twereg_h=no
ac_cv_header_sys_types_h=yes
ac_cv_header_unistd_h=yes
ac_cv_header_wbemcli_h=no
ac_cv_host=x86_64-unknown-linux-gnu
ac_cv_lib_cap_ng_capng_clear=yes
ac_cv_objext=o
ac_cv_path_EGREP='/bin/grep -E'
ac_cv_path_GREP=/bin/grep
ac_cv_path_ac_pt_PKG_CONFIG=/usr/bin/pkg-config
ac_cv_path_install='/usr/local/bin/install -c'
ac_cv_path_mkdir=/usr/local/bin/mkdir
ac_cv_prog_AWK=gawk
ac_cv_prog_CXXCPP='g++ -E'
ac_cv_prog_ac_ct_CC=gcc
ac_cv_prog_ac_ct_CXX=g++
ac_cv_prog_cc_c89=
ac_cv_prog_cc_g=yes
ac_cv_prog_cxx_g=yes
ac_cv_prog_make_make_set=yes
ac_cv_type_int64_t=yes
ac_cv_type_uint64_t=yes
am_cv_CCAS_dependencies_compiler_type=gcc3
am_cv_CC_dependencies_compiler_type=gcc3
am_cv_CXX_dependencies_compiler_type=gcc3
am_cv_make_support_nested_variables=yes
am_cv_prog_cc_c_o=yes

## ----------------- ##
## Output variables. ##
## ----------------- ##

ACLOCAL='${SHELL} /home/ogh/work/git/openssd-jasmine/smartmon/smartmontools-6.5/missing aclocal-1.15'
AMDEPBACKSLASH='\'
AMDEP_FALSE='#'
AMDEP_TRUE=''
AMTAR='$${TAR-tar}'
AM_BACKSLASH='\'
AM_DEFAULT_V='$(AM_DEFAULT_VERBOSITY)'
AM_DEFAULT_VERBOSITY='1'
AM_V='$(V)'
ASFLAGS=''
AUTOCONF='${SHELL} /home/ogh/work/git/openssd-jasmine/smartmon/smartmontools-6.5/missing autoconf'
AUTOHEADER='${SHELL} /home/ogh/work/git/openssd-jasmine/smartmon/smartmontools-6.5/missing autoheader'
AUTOMAKE='${SHELL} /home/ogh/work/git/openssd-jasmine/smartmon/smartmontools-6.5/missing automake-1.15'
AWK='gawk'
CAPNG_LDADD='-lcap-ng'
CC='gcc'
CCAS='gcc'
CCASDEPMODE='depmode=gcc3'
CCASFLAGS='-g -O2'
CCDEPMODE='depmode=gcc3'
CFLAGS='-g -O2'
CPPFLAGS=''
CXX='g++'
CXXCPP='g++ -E'
CXXDEPMODE='depmode=gcc3'
CXXFLAGS='-g -O2 -Wall -W'
CYGPATH_W='echo'
DEFS='-DHAVE_CONFIG_H'
DEPDIR='.deps'
DRIVEDB_BRANCH='RELEASE_6_5_DRIVEDB'
ECHO_C=''
ECHO_N='-n'
ECHO_T=''
EGREP='/bin/grep -E'
ENABLE_ATTRIBUTELOG_FALSE=''
ENABLE_ATTRIBUTELOG_TRUE='#'
ENABLE_DRIVEDB_FALSE='#'
ENABLE_DRIVEDB_TRUE=''
ENABLE_SAVESTATES_FALSE=''
ENABLE_SAVESTATES_TRUE='#'
ENABLE_UPDATE_SMART_DRIVEDB_FALSE='#'
ENABLE_UPDATE_SMART_DRIVEDB_TRUE=''
EXEEXT=''
GREP='/bin/grep'
INSTALL_DATA='${INSTALL} -m 644'
INSTALL_INITSCRIPT_FALSE=''
INSTALL_INITSCRIPT_TRUE='#'
INSTALL_PROGRAM='${INSTALL}'
INSTALL_SCRIPT='${INSTALL}'
INSTALL_STRIP_PROGRAM='$(install_sh) -c -s'
INSTALL_SYSTEMDUNIT_FALSE='#'
INSTALL_SYSTEMDUNIT_TRUE=''
IS_SVN_BUILD_FALSE=''
IS_SVN_BUILD_TRUE='#'
LDFLAGS=''
LIBOBJS=''
LIBS=''
LTLIBOBJS=''
MAINT='#'
MAINTAINER_MODE_FALSE=''
MAINTAINER_MODE_TRUE='#'
MAKEINFO='${SHELL} /home/ogh/work/git/openssd-jasmine/smartmon/smartmontools-6.5/missing makeinfo'
MAKENSIS=''
MKDIR_P='/usr/local/bin/mkdir -p'
NEED_GETOPT_LONG_FALSE=''
NEED_GETOPT_LONG_TRUE='#'
NEED_REGEX_FALSE=''
NEED_REGEX_TRUE='#'
OBJEXT='o'
OS_DARWIN_FALSE=''
OS_DARWIN_TRUE='#'
OS_SOLARIS_FALSE=''
OS_SOLARIS_TRUE='#'
OS_WIN32_FALSE=''
OS_WIN32_MINGW_FALSE=''
OS_WIN32_MINGW_TRUE='#'
OS_WIN32_NSIS_FALSE=''
OS_WIN32_NSIS_TRUE='#'
OS_WIN32_TRUE='#'
OS_WIN64_FALSE=''
OS_WIN64_TRUE='#'
PACKAGE='smartmontools'
PACKAGE_BUGREPORT='smartmontools-support@lists.sourceforge.net'
PACKAGE_NAME='smartmontools'
PACKAGE_STRING='smartmontools 6.5'
PACKAGE_TARNAME='smartmontools'
PACKAGE_URL=''
PACKAGE_VERSION='6.5'
PATH_SEPARATOR=':'
PKG_CONFIG='/usr/bin/pkg-config'
PKG_CONFIG_LIBDIR=''
PKG_CONFIG_PATH=''
SET_MAKE=''
SHELL='/bin/bash'
STRIP=''
VERSION='6.5'
WINDMC=''
WINDRES=''
ac_ct_CC='gcc'
ac_ct_CXX='g++'
am__EXEEXT_FALSE=''
am__EXEEXT_TRUE='#'
am__fastdepCCAS_FALSE='#'
am__fastdepCCAS_TRUE=''
am__fastdepCC_FALSE='#'
am__fastdepCC_TRUE=''
am__fastdepCXX_FALSE='#'
am__fastdepCXX_TRUE=''
am__include='include'
am__isrc=''
am__leading_dot='.'
am__nodep='_no'
am__quote=''
am__tar='$${TAR-tar} chof - "$$tardir"'
am__untar='$${TAR-tar} xf -'
attributelog=''
attributelogdir=''
bindir='${exec_prefix}/bin'
build='x86_64-unknown-linux-gnu'
build_alias=''
build_cpu='x86_64'
build_os='linux-gnu'
build_vendor='unknown'
datadir='${datarootdir}'
datarootdir='${prefix}/share'
docdir='${datarootdir}/doc/${PACKAGE_TARNAME}'
drivedbdir='${datadir}/${PACKAGE}'
dvidir='${docdir}'
exampledir='${docdir}/examplescripts'
exec_prefix='${prefix}'
gcc_have_attr_packed='yes'
host='x86_64-unknown-linux-gnu'
host_alias=''
host_cpu='x86_64'
host_os='linux-gnu'
host_vendor='unknown'
htmldir='${docdir}'
includedir='${prefix}/include'
infodir='${datarootdir}/info'
initddir=''
initdfile='smartd.initd'
install_sh='${SHELL} /home/ogh/work/git/openssd-jasmine/smartmon/smartmontools-6.5/install-sh'
libdir='${exec_prefix}/lib'
libexecdir='${exec_prefix}/libexec'
localedir='${datarootdir}/locale'
localstatedir='${prefix}/var'
mandir='${datarootdir}/man'
mkdir_p='$(MKDIR_P)'
oldincludedir='/usr/include'
os_deps='os_linux.o cciss.o dev_areca.o'
os_dltools='curl wget lynx svn'
os_dnsdomainname=''\''dnsdomainname'\'' '\''hostname -d'\'''
os_hostname=''\''hostname'\'''
os_libs=''
os_mailer='mail'
os_man_filter='Linux'
os_nisdomainname=''\''nisdomainname'\'' '\''hostname -y'\'' '\''domainname'\'''
os_win32_manifest=''
pdfdir='${docdir}'
prefix='/usr/local'
program_transform_name='s,x,x,'
psdir='${docdir}'
releaseversion='${PACKAGE}-${VERSION}'
savestates=''
savestatesdir=''
sbindir='${exec_prefix}/sbin'
sharedstatedir='${prefix}/com'
smartd_suffix=''
smartdplugindir='${smartdscriptdir}/smartd_warning.d'
smartdscriptdir='${sysconfdir}'
smartmontools_release_date='2016-05-07'
smartmontools_release_time='11:17:46 UTC'
svn_deps=''
sysconfdir='${prefix}/etc'
systemdenvfile='${sysconfdir}/default/smartmontools'
systemdsystemunitdir='${prefix}/lib/systemd/system'
target_alias=''
with_nvme_devicescan=''
with_selinux=''
with_update_smart_drivedb='yes'

## ----------- ##
## confdefs.h. ##
## ----------- ##

/* confdefs.h */
#define PACKAGE_NAME "smartmontools"
#define PACKAGE_TARNAME "smartmontools"
#define PACKAGE_VERSION "6.5"
#define PACKAGE_STRING "smartmontools 6.5"
#define PACKAGE_BUGREPORT "smartmontools-support@lists.sourceforge.net"
#define PACKAGE_URL ""
#define PACKAGE "smartmontools"
#define VERSION "6.5"
#define SMARTMONTOOLS_CONFIGURE_ARGS ""
#define SMARTMONTOOLS_RELEASE_DATE "2016-05-07"
#define SMARTMONTOOLS_RELEASE_TIME "11:17:46 UTC"
#define CONFIG_H_CVSID "$Id: configure.ac 4318 2016-05-07 11:18:20Z chrfranke $"
#define PACKAGE_HOMEPAGE "http://www.smartmontools.org/"
#define STDC_HEADERS 1
#define HAVE_SYS_TYPES_H 1
#define HAVE_SYS_STAT_H 1
#define HAVE_STDLIB_H 1
#define HAVE_STRING_H 1
#define HAVE_MEMORY_H 1
#define HAVE_STRINGS_H 1
#define HAVE_INTTYPES_H 1
#define HAVE_STDINT_H 1
#define HAVE_UNISTD_H 1
#define HAVE_LOCALE_H 1
#define HAVE_INTTYPES_H 1
#define HAVE_STDINT_H 1
#define HAVE_LINUX_COMPILER_H 1
#define CISS_LOCATION "cissio_freebsd.h"
#define HAVE_LINUX_CCISS_IOCTL_H 1
#define HAVE_INT64_T 1
#define HAVE_UINT64_T 1
#define HAVE_GETOPT_LONG 1
#define HAVE_REGCOMP 1
#define HAVE_SIGSET 1
#define HAVE_STRTOULL 1
#define HAVE_UNAME 1
#define HAVE_CLOCK_GETTIME 1
#define HAVE_FTIME 1
#define HAVE_GETTIMEOFDAY 1
#define HAVE_ATTR_PACKED 1
#define HAVE_LIBCAP_NG 1
#define HAVE_WORKING_SNPRINTF 1
#define SMARTMONTOOLS_BUILD_HOST "x86_64-unknown-linux-gnu"

configure: exit 0

## ---------------------- ##
## Running config.status. ##
## ---------------------- ##

This file was extended by smartmontools config.status 6.5, which was
generated by GNU Autoconf 2.69.  Invocation command line was

  CONFIG_FILES    = 
  CONFIG_HEADERS  = 
  CONFIG_LINKS    = 
  CONFIG_COMMANDS = 
  $ ./config.status --file=smartd_warning.sh

on ogh-fdb


## ---------------------- ##
## Running config.status. ##
## ---------------------- ##

This file was extended by smartmontools config.status 6.5, which was
generated by GNU Autoconf 2.69.  Invocation command line was

  CONFIG_FILES    = 
  CONFIG_HEADERS  = 
  CONFIG_LINKS    = 
  CONFIG_COMMANDS = 
  $ ./config.status --file=update-smart-drivedb

on ogh-fdb

config.status:968: creating smartd_warning.sh
config.status:968: creating update-smart-drivedb
